<?xml version="1.0" encoding="UTF-8"?>
<!-- Generated by org.testng.reporters.JUnitReportReporter -->
<testsuite hostname="Sreeni" name="restAssured.api.projectScripts.GetSingleProjectWithProjectId" tests="1" failures="0" timestamp="7 Jan 2021 09:37:45 GMT" time="6.206" errors="0">
  <testcase name="getSingleProject" time="6.206" classname="restAssured.api.projectScripts.GetSingleProjectWithProjectId"/>
</testsuite> <!-- restAssured.api.projectScripts.GetSingleProjectWithProjectId -->
