<?xml version="1.0" encoding="UTF-8"?>
<!-- Generated by org.testng.reporters.JUnitReportReporter -->
<testsuite hostname="Sreeni" name="restAssured.api.projectScripts.AddSingleProjectWithCreated" tests="1" failures="0" timestamp="7 Jan 2021 09:37:45 GMT" time="8.261" errors="0">
  <testcase name="addSingleProject" time="8.261" classname="restAssured.api.projectScripts.AddSingleProjectWithCreated"/>
</testsuite> <!-- restAssured.api.projectScripts.AddSingleProjectWithCreated -->
