<?xml version="1.0" encoding="UTF-8"?>
<!-- Generated by org.testng.reporters.JUnitReportReporter -->
<testsuite hostname="Sreeni" name="restAssured.api.projectScripts.GetAllProjects" tests="1" failures="0" timestamp="7 Jan 2021 09:37:45 GMT" time="0.358" errors="0">
  <testcase name="getAllProjects" time="0.358" classname="restAssured.api.projectScripts.GetAllProjects"/>
</testsuite> <!-- restAssured.api.projectScripts.GetAllProjects -->
