<?xml version="1.0" encoding="UTF-8"?>
<!-- Generated by org.testng.reporters.JUnitReportReporter -->
<testsuite hostname="Sreeni" name="restAssured.api.projectScripts.AddSingleProjectWithOngoing" tests="1" failures="0" timestamp="7 Jan 2021 09:37:45 GMT" time="0.130" errors="0">
  <testcase name="addSingleProjectWithOngoingStatus" time="0.130" classname="restAssured.api.projectScripts.AddSingleProjectWithOngoing"/>
</testsuite> <!-- restAssured.api.projectScripts.AddSingleProjectWithOngoing -->
