<?xml version="1.0" encoding="UTF-8"?>
<!-- Generated by org.testng.reporters.JUnitReportReporter -->
<testsuite hostname="Sreeni" name="restAssured.api.projectScripts.AddProjectWithCompletedStatus" tests="1" failures="0" timestamp="7 Jan 2021 09:37:45 GMT" time="0.534" errors="0">
  <testcase name="addProjectwithCompleted" time="0.534" classname="restAssured.api.projectScripts.AddProjectWithCompletedStatus"/>
</testsuite> <!-- restAssured.api.projectScripts.AddProjectWithCompletedStatus -->
